<?xml version="1.0" encoding="UTF-8"?>
<coverage generated="1659109202488" clover="3.2.0">
  <project timestamp="1659109202488" name="All files">
    <metrics statements="57" coveredstatements="32" conditionals="27" coveredconditionals="12" methods="25" coveredmethods="11" elements="109" coveredelements="55" complexity="0" loc="57" ncloc="57" packages="5" files="5" classes="5"/>
    <package name="src">
      <metrics statements="2" coveredstatements="2" conditionals="0" coveredconditionals="0" methods="0" coveredmethods="0"/>
      <file name="database.ts" path="/home/thiagosouf/Documentos/Projetos/projeto21-singmeasong/singmeasong_API/src/database.ts">
        <metrics statements="2" coveredstatements="2" conditionals="0" coveredconditionals="0" methods="0" coveredmethods="0"/>
        <line num="3" count="1" type="stmt"/>
        <line num="4" count="1" type="stmt"/>
      </file>
    </package>
    <package name="src.repositories">
      <metrics statements="12" coveredstatements="1" conditionals="1" coveredconditionals="0" methods="8" coveredmethods="0"/>
      <file name="recommendationRepository.ts" path="/home/thiagosouf/Documentos/Projetos/projeto21-singmeasong/singmeasong_API/src/repositories/recommendationRepository.ts">
        <metrics statements="12" coveredstatements="1" conditionals="1" coveredconditionals="0" methods="8" coveredmethods="0"/>
        <line num="6" count="0" type="stmt"/>
        <line num="17" count="0" type="stmt"/>
        <line num="19" count="0" type="stmt"/>
        <line num="27" count="0" type="stmt"/>
        <line num="36" count="0" type="cond" truecount="0" falsecount="1"/>
        <line num="38" count="0" type="stmt"/>
        <line num="40" count="0" type="stmt"/>
        <line num="46" count="0" type="stmt"/>
        <line num="52" count="0" type="stmt"/>
        <line num="58" count="0" type="stmt"/>
        <line num="67" count="0" type="stmt"/>
        <line num="72" count="1" type="stmt"/>
      </file>
    </package>
    <package name="src.services">
      <metrics statements="30" coveredstatements="24" conditionals="6" coveredconditionals="6" methods="9" coveredmethods="7"/>
      <file name="recommendationsService.ts" path="/home/thiagosouf/Documentos/Projetos/projeto21-singmeasong/singmeasong_API/src/services/recommendationsService.ts">
        <metrics statements="30" coveredstatements="24" conditionals="6" coveredconditionals="6" methods="9" coveredmethods="7"/>
        <line num="8" count="1" type="stmt"/>
        <line num="11" count="1" type="cond" truecount="1" falsecount="0"/>
        <line num="12" count="1" type="stmt"/>
        <line num="14" count="0" type="stmt"/>
        <line num="18" count="1" type="stmt"/>
        <line num="20" count="0" type="stmt"/>
        <line num="24" count="1" type="stmt"/>
        <line num="26" count="1" type="stmt"/>
        <line num="31" count="1" type="cond" truecount="1" falsecount="0"/>
        <line num="32" count="1" type="stmt"/>
        <line num="37" count="2" type="stmt"/>
        <line num="38" count="2" type="cond" truecount="1" falsecount="0"/>
        <line num="40" count="1" type="stmt"/>
        <line num="44" count="0" type="stmt"/>
        <line num="48" count="0" type="stmt"/>
        <line num="52" count="1" type="stmt"/>
        <line num="53" count="1" type="stmt"/>
        <line num="55" count="1" type="stmt"/>
        <line num="56" count="1" type="cond" truecount="1" falsecount="0"/>
        <line num="57" count="1" type="stmt"/>
        <line num="60" count="0" type="stmt"/>
        <line num="61" count="0" type="stmt"/>
        <line num="65" count="2" type="stmt"/>
        <line num="70" count="2" type="cond" truecount="1" falsecount="0"/>
        <line num="71" count="1" type="stmt"/>
        <line num="74" count="1" type="stmt"/>
        <line num="78" count="2" type="cond" truecount="1" falsecount="0"/>
        <line num="79" count="1" type="stmt"/>
        <line num="82" count="1" type="stmt"/>
        <line num="85" count="1" type="stmt"/>
      </file>
    </package>
    <package name="src.utils">
      <metrics statements="10" coveredstatements="2" conditionals="20" coveredconditionals="6" methods="6" coveredmethods="2"/>
      <file name="errorUtils.ts" path="/home/thiagosouf/Documentos/Projetos/projeto21-singmeasong/singmeasong_API/src/utils/errorUtils.ts">
        <metrics statements="10" coveredstatements="2" conditionals="20" coveredconditionals="6" methods="6" coveredmethods="2"/>
        <line num="8" count="0" type="stmt"/>
        <line num="12" count="0" type="cond" truecount="0" falsecount="1"/>
        <line num="13" count="0" type="cond" truecount="0" falsecount="1"/>
        <line num="14" count="0" type="cond" truecount="0" falsecount="1"/>
        <line num="15" count="0" type="cond" truecount="0" falsecount="1"/>
        <line num="16" count="0" type="stmt"/>
        <line num="20" count="1" type="cond" truecount="3" falsecount="1"/>
        <line num="24" count="2" type="cond" truecount="3" falsecount="1"/>
        <line num="28" count="0" type="cond" truecount="0" falsecount="4"/>
        <line num="32" count="0" type="cond" truecount="0" falsecount="4"/>
      </file>
    </package>
    <package name="tests.factories">
      <metrics statements="3" coveredstatements="3" conditionals="0" coveredconditionals="0" methods="2" coveredmethods="2"/>
      <file name="recommendationFactory.ts" path="/home/thiagosouf/Documentos/Projetos/projeto21-singmeasong/singmeasong_API/tests/factories/recommendationFactory.ts">
        <metrics statements="3" coveredstatements="3" conditionals="0" coveredconditionals="0" methods="2" coveredmethods="2"/>
        <line num="2" count="1" type="stmt"/>
        <line num="6" count="1" type="stmt"/>
        <line num="10" count="3" type="stmt"/>
      </file>
    </package>
  </project>
</coverage>
